0 info it worked if it ends with ok
1 verbose cli [ '/home/excalliburbd/.meteor/packages/meteor-tool/.1.4.3_1.194k2uz++os.linux.x86_64+web.browser+web.cordova/mt-os.linux.x86_64/dev_bundle/bin/node',
1 verbose cli   '/home/excalliburbd/.meteor/packages/meteor-tool/.1.4.3_1.194k2uz++os.linux.x86_64+web.browser+web.cordova/mt-os.linux.x86_64/dev_bundle/bin/npm',
1 verbose cli   'run',
1 verbose cli   'test' ]
2 info using npm@4.1.2
3 info using node@v4.7.3
4 verbose run-script [ 'pretest', 'test', 'posttest' ]
5 info lifecycle meteorjs-dev@~pretest: meteorjs-dev@
6 verbose lifecycle meteorjs-dev@~pretest: unsafe-perm in lifecycle true
7 verbose lifecycle meteorjs-dev@~pretest: PATH: /home/excalliburbd/.meteor/packages/meteor-tool/.1.4.3_1.194k2uz++os.linux.x86_64+web.browser+web.cordova/mt-os.linux.x86_64/dev_bundle/lib/node_modules/npm/bin/node-gyp-bin:/home/excalliburbd/code/interview/meteorjs-dev/node_modules/.bin:/home/excalliburbd/.meteor/packages/meteor-tool/.1.4.3_1.194k2uz++os.linux.x86_64+web.browser+web.cordova/mt-os.linux.x86_64/dev_bundle/bin:/home/excalliburbd/.meteor/packages/meteor-tool/.1.4.3_1.194k2uz++os.linux.x86_64+web.browser+web.cordova/mt-os.linux.x86_64/dev_bundle/lib/node_modules/.bin:/home/excalliburbd/bin:/home/excalliburbd/.local/bin:/usr/local/sbin:/usr/local/bin:/usr/sbin:/usr/bin:/sbin:/bin:/usr/games:/usr/local/games:/snap/bin:/usr/lib/jvm/java-8-oracle/bin:/usr/lib/jvm/java-8-oracle/db/bin:/usr/lib/jvm/java-8-oracle/jre/bin
8 verbose lifecycle meteorjs-dev@~pretest: CWD: /home/excalliburbd/code/interview/meteorjs-dev
9 silly lifecycle meteorjs-dev@~pretest: Args: [ '-c', 'npm run lint --silent' ]
10 silly lifecycle meteorjs-dev@~pretest: Returned: code: 1  signal: null
11 info lifecycle meteorjs-dev@~pretest: Failed to exec pretest script
12 verbose stack Error: meteorjs-dev@ pretest: `npm run lint --silent`
12 verbose stack Exit status 1
12 verbose stack     at EventEmitter.<anonymous> (/home/excalliburbd/.meteor/packages/meteor-tool/.1.4.3_1.194k2uz++os.linux.x86_64+web.browser+web.cordova/mt-os.linux.x86_64/dev_bundle/lib/node_modules/npm/lib/utils/lifecycle.js:279:16)
12 verbose stack     at emitTwo (events.js:87:13)
12 verbose stack     at EventEmitter.emit (events.js:172:7)
12 verbose stack     at ChildProcess.<anonymous> (/home/excalliburbd/.meteor/packages/meteor-tool/.1.4.3_1.194k2uz++os.linux.x86_64+web.browser+web.cordova/mt-os.linux.x86_64/dev_bundle/lib/node_modules/npm/lib/utils/spawn.js:40:14)
12 verbose stack     at emitTwo (events.js:87:13)
12 verbose stack     at ChildProcess.emit (events.js:172:7)
12 verbose stack     at maybeClose (internal/child_process.js:854:16)
12 verbose stack     at Process.ChildProcess._handle.onexit (internal/child_process.js:222:5)
13 verbose pkgid meteorjs-dev@
14 verbose cwd /home/excalliburbd/code/interview/meteorjs-dev
15 error Linux 4.4.0-64-generic
16 error argv "/home/excalliburbd/.meteor/packages/meteor-tool/.1.4.3_1.194k2uz++os.linux.x86_64+web.browser+web.cordova/mt-os.linux.x86_64/dev_bundle/bin/node" "/home/excalliburbd/.meteor/packages/meteor-tool/.1.4.3_1.194k2uz++os.linux.x86_64+web.browser+web.cordova/mt-os.linux.x86_64/dev_bundle/bin/npm" "run" "test"
17 error node v4.7.3
18 error npm  v4.1.2
19 error code ELIFECYCLE
20 error meteorjs-dev@ pretest: `npm run lint --silent`
20 error Exit status 1
21 error Failed at the meteorjs-dev@ pretest script 'npm run lint --silent'.
21 error Make sure you have the latest version of node.js and npm installed.
21 error If you do, this is most likely a problem with the meteorjs-dev package,
21 error not with npm itself.
21 error Tell the author that this fails on your system:
21 error     npm run lint --silent
21 error You can get information on how to open an issue for this project with:
21 error     npm bugs meteorjs-dev
21 error Or if that isn't available, you can get their info via:
21 error     npm owner ls meteorjs-dev
21 error There is likely additional logging output above.
22 verbose exit [ 1, true ]
